2021-01-04 14:58:54.424 - INFO - 19916 - azureml.train.automl._azureautomlclient.modify_run_configuration:199 - Package azureml-train-automl missing from dependencies file.
2021-01-04 14:58:54.424 - INFO - 19916 - azureml.train.automl._azureautomlclient.modify_run_configuration:205 - Using pinned version: azureml-train-automl==1.19.0.*
2021-01-04 14:58:54.425 - INFO - 19916 - azureml.train.automl._azureautomlclient.modify_run_configuration:199 - Package pandas missing from dependencies file.
2021-01-04 14:58:54.426 - INFO - 19916 - azureml.train.automl._azureautomlclient.modify_run_configuration:205 - Using pinned version: pandas==0.25.1
2021-01-04 14:58:54.426 - INFO - 19916 - azureml.train.automl._azureautomlclient.modify_run_configuration:199 - Package psutil missing from dependencies file.
2021-01-04 14:58:54.426 - INFO - 19916 - azureml.train.automl._azureautomlclient.modify_run_configuration:205 - Using pinned version: psutil>5.0.0,<6.0.0
2021-01-04 14:58:54.426 - INFO - 19916 - azureml.train.automl._azureautomlclient.modify_run_configuration:199 - Package scikit-learn missing from dependencies file.
2021-01-04 14:58:54.427 - INFO - 19916 - azureml.train.automl._azureautomlclient.modify_run_configuration:205 - Using pinned version: scikit-learn==0.22.1
2021-01-04 14:58:54.427 - INFO - 19916 - azureml.train.automl._azureautomlclient.modify_run_configuration:199 - Package numpy missing from dependencies file.
2021-01-04 14:58:54.428 - INFO - 19916 - azureml.train.automl._azureautomlclient.modify_run_configuration:205 - Using pinned version: numpy~=1.18.0
2021-01-04 14:58:54.428 - INFO - 19916 - azureml.train.automl._azureautomlclient.modify_run_configuration:199 - Package py-xgboost missing from dependencies file.
2021-01-04 14:58:54.428 - INFO - 19916 - azureml.train.automl._azureautomlclient.modify_run_configuration:205 - Using pinned version: py-xgboost<=0.90
2021-01-04 14:58:54.429 - INFO - 19916 - azureml.train.automl._azureautomlclient.modify_run_configuration:199 - Package inference-schema missing from dependencies file.
2021-01-04 14:58:54.429 - INFO - 19916 - azureml.train.automl._azureautomlclient.modify_run_configuration:199 - Package fbprophet missing from dependencies file.
2021-01-04 14:58:54.429 - INFO - 19916 - azureml.train.automl._azureautomlclient.modify_run_configuration:205 - Using pinned version: fbprophet==0.5
2021-01-04 14:58:54.430 - INFO - 19916 - azureml.train.automl._azureautomlclient.modify_run_configuration:199 - Package setuptools-git missing from dependencies file.
2021-01-04 14:58:54.430 - INFO - 19916 - azureml.train.automl._azureautomlclient.modify_run_configuration:209 - Using installed version: setuptools-git==1.2
2021-01-04 14:58:54.437 - INFO - 19916 - azureml.train.automl._azureautomlclient._validate_input:663 - Start data validation.
2021-01-04 14:58:58.307 - INFO - 19916 - azureml.train.automl._azureautomlclient._validate_input:676 - Validation service found the data has no errors.
2021-01-04 14:58:58.307 - INFO - 19916 - azureml.train.automl._azureautomlclient._create_parent_run_for_remote:541 - Start creating parent run.
2021-01-04 14:58:58.899 - INFO - 19916 - azureml.train.automl._azureautomlclient._create_parent_run_for_remote:561 - [ParentRunID:AutoML_a9dbd640-a214-4bb3-8cc2-bd3d17249017] Remote run using input X and y.
2021-01-04 14:58:58.977 - INFO - 19916 - azureml.train.automl._azureautomlclient._create_parent_run_for_remote:574 - Parent Run ID: AutoML_a9dbd640-a214-4bb3-8cc2-bd3d17249017
2021-01-04 14:58:58.978 - INFO - 19916 - azureml.train.automl._azureautomlclient._fit_remote_core:502 - Starting a snapshot run (snapshot_id : None)
